<?xml version="1.0" encoding="UTF-8"?>
<coverage generated="1764709837757" clover="3.2.0">
  <project timestamp="1764709837757" name="All files">
    <metrics statements="234" coveredstatements="227" conditionals="146" coveredconditionals="112" methods="64" coveredmethods="63" elements="444" coveredelements="402" complexity="0" loc="234" ncloc="234" packages="4" files="6" classes="6"/>
    <package name="currencies">
      <metrics statements="43" coveredstatements="41" conditionals="39" coveredconditionals="27" methods="17" coveredmethods="16"/>
      <file name="currencies.helpers.ts" path="/Users/tomo/Dev/jdr-coffee/packages/static-data/src/lib/currencies/currencies.helpers.ts">
        <metrics statements="43" coveredstatements="41" conditionals="39" coveredconditionals="27" methods="17" coveredmethods="16"/>
        <line num="7" count="19" type="stmt"/>
        <line num="17" count="24" type="stmt"/>
        <line num="18" count="73" type="stmt"/>
        <line num="19" count="48" type="cond" truecount="2" falsecount="2"/>
        <line num="34" count="16" type="cond" truecount="2" falsecount="0"/>
        <line num="35" count="1" type="stmt"/>
        <line num="38" count="15" type="stmt"/>
        <line num="39" count="15" type="stmt"/>
        <line num="40" count="15" type="stmt"/>
        <line num="42" count="15" type="stmt"/>
        <line num="43" count="45" type="cond" truecount="1" falsecount="1"/>
        <line num="45" count="45" type="stmt"/>
        <line num="46" count="45" type="cond" truecount="2" falsecount="0"/>
        <line num="47" count="22" type="stmt"/>
        <line num="48" count="22" type="stmt"/>
        <line num="52" count="15" type="stmt"/>
        <line num="63" count="4" type="cond" truecount="2" falsecount="0"/>
        <line num="64" count="1" type="stmt"/>
        <line num="66" count="3" type="stmt"/>
        <line num="77" count="5" type="cond" truecount="2" falsecount="0"/>
        <line num="78" count="1" type="stmt"/>
        <line num="80" count="4" type="stmt"/>
        <line num="95" count="5" type="stmt"/>
        <line num="97" count="5" type="cond" truecount="2" falsecount="0"/>
        <line num="98" count="1" type="stmt"/>
        <line num="99" count="1" type="cond" truecount="1" falsecount="1"/>
        <line num="102" count="8" type="cond" truecount="2" falsecount="0"/>
        <line num="119" count="5" type="stmt"/>
        <line num="121" count="5" type="cond" truecount="2" falsecount="0"/>
        <line num="122" count="1" type="stmt"/>
        <line num="123" count="1" type="cond" truecount="1" falsecount="2"/>
        <line num="126" count="4" type="stmt"/>
        <line num="127" count="7" type="cond" truecount="2" falsecount="0"/>
        <line num="128" count="7" type="cond" truecount="1" falsecount="1"/>
        <line num="144" count="7" type="stmt"/>
        <line num="147" count="7" type="stmt"/>
        <line num="148" count="11" type="cond" truecount="1" falsecount="1"/>
        <line num="150" count="11" type="stmt"/>
        <line num="153" count="11" type="cond" truecount="2" falsecount="0"/>
        <line num="154" count="7" type="stmt"/>
        <line num="155" count="7" type="cond" truecount="1" falsecount="1"/>
        <line num="160" count="0" type="stmt"/>
        <line num="161" count="0" type="cond" truecount="0" falsecount="3"/>
      </file>
    </package>
    <package name="items">
      <metrics statements="89" coveredstatements="85" conditionals="62" coveredconditionals="49" methods="15" coveredmethods="15"/>
      <file name="items.helpers.ts" path="/Users/tomo/Dev/jdr-coffee/packages/static-data/src/lib/items/items.helpers.ts">
        <metrics statements="89" coveredstatements="85" conditionals="62" coveredconditionals="49" methods="15" coveredmethods="15"/>
        <line num="28" count="12" type="stmt"/>
        <line num="31" count="12" type="cond" truecount="2" falsecount="0"/>
        <line num="32" count="1" type="stmt"/>
        <line num="36" count="11" type="cond" truecount="2" falsecount="0"/>
        <line num="37" count="3" type="stmt"/>
        <line num="41" count="8" type="cond" truecount="2" falsecount="0"/>
        <line num="42" count="3" type="stmt"/>
        <line num="43" count="3" type="stmt"/>
        <line num="45" count="3" type="cond" truecount="1" falsecount="1"/>
        <line num="46" count="0" type="stmt"/>
        <line num="51" count="8" type="cond" truecount="2" falsecount="0"/>
        <line num="52" count="5" type="stmt"/>
        <line num="53" count="2" type="cond" truecount="1" falsecount="1"/>
        <line num="54" count="2" type="stmt"/>
        <line num="60" count="6" type="cond" truecount="2" falsecount="0"/>
        <line num="61" count="2" type="stmt"/>
        <line num="64" count="4" type="stmt"/>
        <line num="96" count="7" type="stmt"/>
        <line num="99" count="7" type="stmt"/>
        <line num="102" count="7" type="stmt"/>
        <line num="103" count="7" type="cond" truecount="1" falsecount="1"/>
        <line num="104" count="7" type="stmt"/>
        <line num="106" count="7" type="cond" truecount="2" falsecount="0"/>
        <line num="107" count="1" type="stmt"/>
        <line num="114" count="6" type="stmt"/>
        <line num="115" count="7" type="cond" truecount="2" falsecount="0"/>
        <line num="116" count="1" type="stmt"/>
        <line num="119" count="6" type="stmt"/>
        <line num="123" count="6" type="stmt"/>
        <line num="124" count="4" type="stmt"/>
        <line num="125" count="4" type="cond" truecount="1" falsecount="1"/>
        <line num="126" count="4" type="stmt"/>
        <line num="129" count="4" type="cond" truecount="2" falsecount="0"/>
        <line num="130" count="1" type="stmt"/>
        <line num="133" count="4" type="stmt"/>
        <line num="137" count="6" type="stmt"/>
        <line num="155" count="4" type="stmt"/>
        <line num="156" count="4" type="cond" truecount="2" falsecount="0"/>
        <line num="157" count="1" type="stmt"/>
        <line num="160" count="3" type="stmt"/>
        <line num="161" count="3" type="stmt"/>
        <line num="177" count="5" type="stmt"/>
        <line num="188" count="3" type="stmt"/>
        <line num="190" count="8" type="cond" truecount="2" falsecount="0"/>
        <line num="191" count="2" type="stmt"/>
        <line num="194" count="6" type="stmt"/>
        <line num="208" count="5" type="cond" truecount="2" falsecount="0"/>
        <line num="209" count="1" type="stmt"/>
        <line num="215" count="4" type="stmt"/>
        <line num="216" count="4" type="cond" truecount="1" falsecount="1"/>
        <line num="217" count="0" type="stmt"/>
        <line num="222" count="4" type="stmt"/>
        <line num="223" count="4" type="stmt"/>
        <line num="225" count="4" type="cond" truecount="2" falsecount="0"/>
        <line num="227" count="2" type="stmt"/>
        <line num="229" count="2" type="stmt"/>
        <line num="230" count="4" type="cond" truecount="1" falsecount="1"/>
        <line num="231" count="4" type="stmt"/>
        <line num="233" count="4" type="cond" truecount="2" falsecount="0"/>
        <line num="234" count="1" type="stmt"/>
        <line num="236" count="3" type="stmt"/>
        <line num="241" count="2" type="stmt"/>
        <line num="249" count="2" type="cond" truecount="1" falsecount="1"/>
        <line num="251" count="2" type="stmt"/>
        <line num="253" count="2" type="stmt"/>
        <line num="254" count="4" type="cond" truecount="1" falsecount="1"/>
        <line num="255" count="4" type="stmt"/>
        <line num="259" count="2" type="stmt"/>
        <line num="268" count="0" type="stmt"/>
        <line num="281" count="2" type="cond" truecount="1" falsecount="1"/>
        <line num="282" count="2" type="cond" truecount="2" falsecount="0"/>
        <line num="283" count="1" type="cond" truecount="1" falsecount="1"/>
        <line num="284" count="1" type="cond" truecount="1" falsecount="1"/>
        <line num="285" count="1" type="cond" truecount="1" falsecount="1"/>
        <line num="286" count="0" type="stmt"/>
        <line num="300" count="4" type="cond" truecount="2" falsecount="0"/>
        <line num="301" count="1" type="stmt"/>
        <line num="304" count="3" type="cond" truecount="2" falsecount="0"/>
        <line num="306" count="1" type="stmt"/>
        <line num="313" count="2" type="stmt"/>
        <line num="332" count="8" type="stmt"/>
        <line num="333" count="15" type="stmt"/>
        <line num="334" count="15" type="cond" truecount="2" falsecount="0"/>
        <line num="352" count="4" type="stmt"/>
        <line num="357" count="4" type="stmt"/>
        <line num="376" count="6" type="cond" truecount="2" falsecount="0"/>
        <line num="377" count="2" type="stmt"/>
        <line num="381" count="4" type="stmt"/>
        <line num="382" count="4" type="cond" truecount="1" falsecount="1"/>
      </file>
    </package>
    <package name="materials">
      <metrics statements="100" coveredstatements="99" conditionals="45" coveredconditionals="36" methods="32" coveredmethods="32"/>
      <file name="materials.calculations.ts" path="/Users/tomo/Dev/jdr-coffee/packages/static-data/src/lib/materials/materials.calculations.ts">
        <metrics statements="37" coveredstatements="36" conditionals="28" coveredconditionals="23" methods="12" coveredmethods="12"/>
        <line num="15" count="4" type="stmt"/>
        <line num="28" count="3" type="stmt"/>
        <line num="41" count="2" type="stmt"/>
        <line num="58" count="5" type="cond" truecount="2" falsecount="0"/>
        <line num="59" count="5" type="stmt"/>
        <line num="61" count="5" type="cond" truecount="2" falsecount="0"/>
        <line num="62" count="1" type="stmt"/>
        <line num="67" count="4" type="stmt"/>
        <line num="76" count="28" type="stmt"/>
        <line num="78" count="28" type="cond" truecount="3" falsecount="1"/>
        <line num="81" count="14" type="stmt"/>
        <line num="85" count="12" type="stmt"/>
        <line num="89" count="2" type="stmt"/>
        <line num="92" count="0" type="stmt"/>
        <line num="103" count="4" type="cond" truecount="2" falsecount="0"/>
        <line num="104" count="1" type="stmt"/>
        <line num="107" count="3" type="stmt"/>
        <line num="108" count="3" type="cond" truecount="1" falsecount="1"/>
        <line num="109" count="4" type="cond" truecount="1" falsecount="1"/>
        <line num="112" count="4" type="stmt"/>
        <line num="114" count="4" type="stmt"/>
        <line num="123" count="3" type="stmt"/>
        <line num="136" count="4" type="stmt"/>
        <line num="141" count="4" type="stmt"/>
        <line num="146" count="4" type="stmt"/>
        <line num="160" count="5" type="stmt"/>
        <line num="165" count="5" type="stmt"/>
        <line num="169" count="5" type="stmt"/>
        <line num="180" count="4" type="cond" truecount="2" falsecount="0"/>
        <line num="181" count="1" type="stmt"/>
        <line num="184" count="3" type="stmt"/>
        <line num="185" count="4" type="cond" truecount="2" falsecount="0"/>
        <line num="186" count="1" type="stmt"/>
        <line num="190" count="2" type="stmt"/>
        <line num="200" count="5" type="stmt"/>
        <line num="212" count="5" type="cond" truecount="2" falsecount="0"/>
        <line num="214" count="5" type="stmt"/>
      </file>
      <file name="materials.constants.ts" path="/Users/tomo/Dev/jdr-coffee/packages/static-data/src/lib/materials/materials.constants.ts">
        <metrics statements="34" coveredstatements="34" conditionals="0" coveredconditionals="0" methods="0" coveredmethods="0"/>
        <line num="21" count="2" type="stmt"/>
        <line num="55" count="2" type="stmt"/>
        <line num="88" count="2" type="stmt"/>
        <line num="117" count="2" type="stmt"/>
        <line num="152" count="2" type="stmt"/>
        <line num="187" count="2" type="stmt"/>
        <line num="222" count="2" type="stmt"/>
        <line num="257" count="2" type="stmt"/>
        <line num="292" count="2" type="stmt"/>
        <line num="321" count="2" type="stmt"/>
        <line num="350" count="2" type="stmt"/>
        <line num="379" count="2" type="stmt"/>
        <line num="412" count="2" type="stmt"/>
        <line num="447" count="2" type="stmt"/>
        <line num="481" count="2" type="stmt"/>
        <line num="513" count="2" type="stmt"/>
        <line num="548" count="2" type="stmt"/>
        <line num="583" count="2" type="stmt"/>
        <line num="619" count="2" type="stmt"/>
        <line num="654" count="2" type="stmt"/>
        <line num="689" count="2" type="stmt"/>
        <line num="724" count="2" type="stmt"/>
        <line num="759" count="2" type="stmt"/>
        <line num="794" count="2" type="stmt"/>
        <line num="823" count="2" type="stmt"/>
        <line num="858" count="2" type="stmt"/>
        <line num="894" count="2" type="stmt"/>
        <line num="928" count="2" type="stmt"/>
        <line num="960" count="2" type="stmt"/>
        <line num="989" count="2" type="stmt"/>
        <line num="1017" count="2" type="stmt"/>
        <line num="1045" count="2" type="stmt"/>
        <line num="1072" count="2" type="stmt"/>
        <line num="1102" count="2" type="stmt"/>
      </file>
      <file name="materials.helpers.ts" path="/Users/tomo/Dev/jdr-coffee/packages/static-data/src/lib/materials/materials.helpers.ts">
        <metrics statements="29" coveredstatements="29" conditionals="17" coveredconditionals="13" methods="20" coveredmethods="20"/>
        <line num="7" count="1" type="stmt"/>
        <line num="27" count="108" type="stmt"/>
        <line num="34" count="3" type="stmt"/>
        <line num="35" count="99" type="stmt"/>
        <line num="46" count="48" type="stmt"/>
        <line num="47" count="5" type="cond" truecount="2" falsecount="0"/>
        <line num="59" count="5" type="stmt"/>
        <line num="61" count="5" type="cond" truecount="2" falsecount="0"/>
        <line num="62" count="2" type="stmt"/>
        <line num="63" count="2" type="stmt"/>
        <line num="69" count="3" type="stmt"/>
        <line num="76" count="75" type="stmt"/>
        <line num="85" count="4" type="stmt"/>
        <line num="86" count="132" type="stmt"/>
        <line num="96" count="3" type="stmt"/>
        <line num="97" count="99" type="stmt"/>
        <line num="105" count="2" type="stmt"/>
        <line num="106" count="250" type="cond" truecount="1" falsecount="1"/>
        <line num="107" count="250" type="cond" truecount="1" falsecount="1"/>
        <line num="108" count="250" type="stmt"/>
        <line num="116" count="2" type="stmt"/>
        <line num="117" count="250" type="cond" truecount="1" falsecount="1"/>
        <line num="118" count="250" type="cond" truecount="1" falsecount="1"/>
        <line num="119" count="250" type="stmt"/>
        <line num="127" count="5" type="stmt"/>
        <line num="128" count="165" type="cond" truecount="2" falsecount="0"/>
        <line num="129" count="165" type="stmt"/>
        <line num="140" count="5" type="stmt"/>
        <line num="142" count="165" type="cond" truecount="2" falsecount="0"/>
      </file>
    </package>
    <package name="universes">
      <metrics statements="2" coveredstatements="2" conditionals="0" coveredconditionals="0" methods="0" coveredmethods="0"/>
      <file name="dnd.ts" path="/Users/tomo/Dev/jdr-coffee/packages/static-data/src/lib/universes/dnd.ts">
        <metrics statements="2" coveredstatements="2" conditionals="0" coveredconditionals="0" methods="0" coveredmethods="0"/>
        <line num="7" count="1" type="stmt"/>
        <line num="40" count="1" type="stmt"/>
      </file>
    </package>
  </project>
</coverage>
