{"/Users/tomo/Dev/jdr-coffee/packages/static-data/src/lib/currencies/currencies.helpers.ts": {"path":"/Users/tomo/Dev/jdr-coffee/packages/static-data/src/lib/currencies/currencies.helpers.ts","statementMap":{"0":{"start":{"line":7,"column":2},"end":{"line":7,"column":null}},"1":{"start":{"line":7,"column":47},"end":{"line":7,"column":72}},"2":{"start":{"line":17,"column":2},"end":{"line":19,"column":null}},"3":{"start":{"line":18,"column":19},"end":{"line":18,"column":44}},"4":{"start":{"line":19,"column":14},"end":{"line":19,"column":59}},"5":{"start":{"line":34,"column":2},"end":{"line":36,"column":null}},"6":{"start":{"line":35,"column":4},"end":{"line":35,"column":null}},"7":{"start":{"line":38,"column":20},"end":{"line":38,"column":null}},"8":{"start":{"line":39,"column":38},"end":{"line":39,"column":null}},"9":{"start":{"line":40,"column":18},"end":{"line":40,"column":null}},"10":{"start":{"line":42,"column":2},"end":{"line":50,"column":null}},"11":{"start":{"line":43,"column":4},"end":{"line":43,"column":null}},"12":{"start":{"line":43,"column":29},"end":{"line":43,"column":null}},"13":{"start":{"line":45,"column":19},"end":{"line":45,"column":null}},"14":{"start":{"line":46,"column":4},"end":{"line":49,"column":null}},"15":{"start":{"line":47,"column":6},"end":{"line":47,"column":null}},"16":{"start":{"line":48,"column":6},"end":{"line":48,"column":null}},"17":{"start":{"line":52,"column":2},"end":{"line":52,"column":null}},"18":{"start":{"line":63,"column":2},"end":{"line":65,"column":null}},"19":{"start":{"line":64,"column":4},"end":{"line":64,"column":null}},"20":{"start":{"line":66,"column":2},"end":{"line":66,"column":null}},"21":{"start":{"line":77,"column":2},"end":{"line":79,"column":null}},"22":{"start":{"line":78,"column":4},"end":{"line":78,"column":null}},"23":{"start":{"line":80,"column":2},"end":{"line":80,"column":null}},"24":{"start":{"line":95,"column":20},"end":{"line":95,"column":null}},"25":{"start":{"line":97,"column":2},"end":{"line":100,"column":null}},"26":{"start":{"line":98,"column":21},"end":{"line":98,"column":null}},"27":{"start":{"line":98,"column":59},"end":{"line":98,"column":76}},"28":{"start":{"line":99,"column":4},"end":{"line":99,"column":null}},"29":{"start":{"line":102,"column":2},"end":{"line":102,"column":null}},"30":{"start":{"line":102,"column":30},"end":{"line":102,"column":88}},"31":{"start":{"line":119,"column":20},"end":{"line":119,"column":null}},"32":{"start":{"line":121,"column":2},"end":{"line":124,"column":null}},"33":{"start":{"line":122,"column":21},"end":{"line":122,"column":null}},"34":{"start":{"line":122,"column":59},"end":{"line":122,"column":76}},"35":{"start":{"line":123,"column":4},"end":{"line":123,"column":null}},"36":{"start":{"line":126,"column":2},"end":{"line":129,"column":null}},"37":{"start":{"line":127,"column":19},"end":{"line":127,"column":43}},"38":{"start":{"line":128,"column":16},"end":{"line":128,"column":69}},"39":{"start":{"line":144,"column":20},"end":{"line":144,"column":null}},"40":{"start":{"line":147,"column":2},"end":{"line":157,"column":null}},"41":{"start":{"line":148,"column":4},"end":{"line":148,"column":null}},"42":{"start":{"line":148,"column":29},"end":{"line":148,"column":null}},"43":{"start":{"line":150,"column":19},"end":{"line":150,"column":null}},"44":{"start":{"line":153,"column":4},"end":{"line":156,"column":null}},"45":{"start":{"line":154,"column":22},"end":{"line":154,"column":null}},"46":{"start":{"line":155,"column":6},"end":{"line":155,"column":null}},"47":{"start":{"line":160,"column":19},"end":{"line":160,"column":null}},"48":{"start":{"line":160,"column":57},"end":{"line":160,"column":74}},"49":{"start":{"line":161,"column":2},"end":{"line":161,"column":null}}},"fnMap":{"0":{"name":"isHierarchical","decl":{"start":{"line":6,"column":16},"end":{"line":6,"column":31}},"loc":{"start":{"line":6,"column":78},"end":{"line":8,"column":null}},"line":6},"1":{"name":"(anonymous_1)","decl":{"start":{"line":7,"column":40},"end":{"line":7,"column":41}},"loc":{"start":{"line":7,"column":47},"end":{"line":7,"column":72}},"line":7},"2":{"name":"getCurrencyHierarchy","decl":{"start":{"line":14,"column":16},"end":{"line":14,"column":null}},"loc":{"start":{"line":16,"column":14},"end":{"line":20,"column":null}},"line":16},"3":{"name":"(anonymous_3)","decl":{"start":{"line":18,"column":12},"end":{"line":18,"column":13}},"loc":{"start":{"line":18,"column":19},"end":{"line":18,"column":44}},"line":18},"4":{"name":"(anonymous_4)","decl":{"start":{"line":19,"column":10},"end":{"line":19,"column":11}},"loc":{"start":{"line":19,"column":14},"end":{"line":19,"column":59}},"line":19},"5":{"name":"formatCurrency","decl":{"start":{"line":30,"column":16},"end":{"line":30,"column":null}},"loc":{"start":{"line":33,"column":23},"end":{"line":53,"column":null}},"line":33},"6":{"name":"toBaseValue","decl":{"start":{"line":62,"column":16},"end":{"line":62,"column":28}},"loc":{"start":{"line":62,"column":72},"end":{"line":67,"column":null}},"line":62},"7":{"name":"fromBaseValue","decl":{"start":{"line":76,"column":16},"end":{"line":76,"column":30}},"loc":{"start":{"line":76,"column":77},"end":{"line":81,"column":null}},"line":76},"8":{"name":"formatCurrencyText","decl":{"start":{"line":91,"column":16},"end":{"line":91,"column":null}},"loc":{"start":{"line":94,"column":10},"end":{"line":103,"column":null}},"line":94},"9":{"name":"(anonymous_9)","decl":{"start":{"line":98,"column":52},"end":{"line":98,"column":53}},"loc":{"start":{"line":98,"column":59},"end":{"line":98,"column":76}},"line":98},"10":{"name":"(anonymous_10)","decl":{"start":{"line":102,"column":23},"end":{"line":102,"column":24}},"loc":{"start":{"line":102,"column":30},"end":{"line":102,"column":88}},"line":102},"11":{"name":"formatCurrencySymbols","decl":{"start":{"line":114,"column":16},"end":{"line":114,"column":null}},"loc":{"start":{"line":118,"column":10},"end":{"line":130,"column":null}},"line":118},"12":{"name":"(anonymous_12)","decl":{"start":{"line":122,"column":52},"end":{"line":122,"column":53}},"loc":{"start":{"line":122,"column":59},"end":{"line":122,"column":76}},"line":122},"13":{"name":"(anonymous_13)","decl":{"start":{"line":127,"column":12},"end":{"line":127,"column":13}},"loc":{"start":{"line":127,"column":19},"end":{"line":127,"column":43}},"line":127},"14":{"name":"(anonymous_14)","decl":{"start":{"line":128,"column":9},"end":{"line":128,"column":10}},"loc":{"start":{"line":128,"column":16},"end":{"line":128,"column":69}},"line":128},"15":{"name":"formatCurrencySimple","decl":{"start":{"line":140,"column":16},"end":{"line":140,"column":null}},"loc":{"start":{"line":143,"column":10},"end":{"line":162,"column":null}},"line":143},"16":{"name":"(anonymous_16)","decl":{"start":{"line":160,"column":50},"end":{"line":160,"column":51}},"loc":{"start":{"line":160,"column":57},"end":{"line":160,"column":74}},"line":160}},"branchMap":{"0":{"loc":{"start":{"line":19,"column":21},"end":{"line":19,"column":42}},"type":"binary-expr","locations":[{"start":{"line":19,"column":21},"end":{"line":19,"column":36}},{"start":{"line":19,"column":36},"end":{"line":19,"column":42}}],"line":19},"1":{"loc":{"start":{"line":19,"column":42},"end":{"line":19,"column":59}},"type":"binary-expr","locations":[{"start":{"line":19,"column":42},"end":{"line":19,"column":57}},{"start":{"line":19,"column":57},"end":{"line":19,"column":59}}],"line":19},"2":{"loc":{"start":{"line":34,"column":2},"end":{"line":36,"column":null}},"type":"if","locations":[{"start":{"line":34,"column":2},"end":{"line":36,"column":null}},{"start":{},"end":{}}],"line":34},"3":{"loc":{"start":{"line":43,"column":4},"end":{"line":43,"column":null}},"type":"if","locations":[{"start":{"line":43,"column":4},"end":{"line":43,"column":null}},{"start":{},"end":{}}],"line":43},"4":{"loc":{"start":{"line":46,"column":4},"end":{"line":49,"column":null}},"type":"if","locations":[{"start":{"line":46,"column":4},"end":{"line":49,"column":null}},{"start":{},"end":{}}],"line":46},"5":{"loc":{"start":{"line":63,"column":2},"end":{"line":65,"column":null}},"type":"if","locations":[{"start":{"line":63,"column":2},"end":{"line":65,"column":null}},{"start":{},"end":{}}],"line":63},"6":{"loc":{"start":{"line":77,"column":2},"end":{"line":79,"column":null}},"type":"if","locations":[{"start":{"line":77,"column":2},"end":{"line":79,"column":null}},{"start":{},"end":{}}],"line":77},"7":{"loc":{"start":{"line":97,"column":2},"end":{"line":100,"column":null}},"type":"if","locations":[{"start":{"line":97,"column":2},"end":{"line":100,"column":null}},{"start":{},"end":{}}],"line":97},"8":{"loc":{"start":{"line":99,"column":16},"end":{"line":99,"column":42}},"type":"binary-expr","locations":[{"start":{"line":99,"column":16},"end":{"line":99,"column":34}},{"start":{"line":99,"column":34},"end":{"line":99,"column":42}}],"line":99},"9":{"loc":{"start":{"line":102,"column":63},"end":{"line":102,"column":86}},"type":"cond-expr","locations":[{"start":{"line":102,"column":78},"end":{"line":102,"column":84}},{"start":{"line":102,"column":84},"end":{"line":102,"column":86}}],"line":102},"10":{"loc":{"start":{"line":117,"column":2},"end":{"line":117,"column":null}},"type":"default-arg","locations":[{"start":{"line":117,"column":13},"end":{"line":117,"column":null}}],"line":117},"11":{"loc":{"start":{"line":121,"column":2},"end":{"line":124,"column":null}},"type":"if","locations":[{"start":{"line":121,"column":2},"end":{"line":124,"column":null}},{"start":{},"end":{}}],"line":121},"12":{"loc":{"start":{"line":123,"column":16},"end":{"line":123,"column":62}},"type":"binary-expr","locations":[{"start":{"line":123,"column":16},"end":{"line":123,"column":36}},{"start":{"line":123,"column":36},"end":{"line":123,"column":54}},{"start":{"line":123,"column":54},"end":{"line":123,"column":62}}],"line":123},"13":{"loc":{"start":{"line":127,"column":19},"end":{"line":127,"column":43}},"type":"binary-expr","locations":[{"start":{"line":127,"column":19},"end":{"line":127,"column":31}},{"start":{"line":127,"column":31},"end":{"line":127,"column":43}}],"line":127},"14":{"loc":{"start":{"line":128,"column":31},"end":{"line":128,"column":67}},"type":"binary-expr","locations":[{"start":{"line":128,"column":31},"end":{"line":128,"column":52}},{"start":{"line":128,"column":52},"end":{"line":128,"column":67}}],"line":128},"15":{"loc":{"start":{"line":148,"column":4},"end":{"line":148,"column":null}},"type":"if","locations":[{"start":{"line":148,"column":4},"end":{"line":148,"column":null}},{"start":{},"end":{}}],"line":148},"16":{"loc":{"start":{"line":153,"column":4},"end":{"line":156,"column":null}},"type":"if","locations":[{"start":{"line":153,"column":4},"end":{"line":156,"column":null}},{"start":{},"end":{}}],"line":153},"17":{"loc":{"start":{"line":155,"column":27},"end":{"line":155,"column":59}},"type":"binary-expr","locations":[{"start":{"line":155,"column":27},"end":{"line":155,"column":46}},{"start":{"line":155,"column":46},"end":{"line":155,"column":59}}],"line":155},"18":{"loc":{"start":{"line":161,"column":21},"end":{"line":161,"column":67}},"type":"binary-expr","locations":[{"start":{"line":161,"column":21},"end":{"line":161,"column":41}},{"start":{"line":161,"column":41},"end":{"line":161,"column":59}},{"start":{"line":161,"column":59},"end":{"line":161,"column":67}}],"line":161}},"s":{"0":19,"1":18,"2":24,"3":73,"4":48,"5":16,"6":1,"7":15,"8":15,"9":15,"10":15,"11":45,"12":0,"13":45,"14":45,"15":22,"16":22,"17":15,"18":4,"19":1,"20":3,"21":5,"22":1,"23":4,"24":5,"25":5,"26":1,"27":1,"28":1,"29":4,"30":8,"31":5,"32":5,"33":1,"34":1,"35":1,"36":4,"37":7,"38":7,"39":7,"40":7,"41":11,"42":0,"43":11,"44":11,"45":7,"46":7,"47":0,"48":0,"49":0},"f":{"0":19,"1":18,"2":24,"3":73,"4":48,"5":16,"6":4,"7":5,"8":5,"9":1,"10":8,"11":5,"12":1,"13":7,"14":7,"15":7,"16":0},"b":{"0":[48,0],"1":[48,0],"2":[1,15],"3":[0,45],"4":[22,23],"5":[1,3],"6":[1,4],"7":[1,4],"8":[1,0],"9":[3,5],"10":[5],"11":[1,4],"12":[1,0,0],"13":[7,6],"14":[7,0],"15":[0,11],"16":[7,4],"17":[7,0],"18":[0,0,0]},"meta":{"lastBranch":19,"lastFunction":17,"lastStatement":50,"seen":{"f:6:16:6:31":0,"s:7:2:7:Infinity":0,"f:7:40:7:41":1,"s:7:47:7:72":1,"f:14:16:14:Infinity":2,"s:17:2:19:Infinity":2,"f:18:12:18:13":3,"s:18:19:18:44":3,"f:19:10:19:11":4,"s:19:14:19:59":4,"b:19:21:19:36:19:36:19:42":0,"b:19:42:19:57:19:57:19:59":1,"f:30:16:30:Infinity":5,"b:34:2:36:Infinity:undefined:undefined:undefined:undefined":2,"s:34:2:36:Infinity":5,"s:35:4:35:Infinity":6,"s:38:20:38:Infinity":7,"s:39:38:39:Infinity":8,"s:40:18:40:Infinity":9,"s:42:2:50:Infinity":10,"b:43:4:43:Infinity:undefined:undefined:undefined:undefined":3,"s:43:4:43:Infinity":11,"s:43:29:43:Infinity":12,"s:45:19:45:Infinity":13,"b:46:4:49:Infinity:undefined:undefined:undefined:undefined":4,"s:46:4:49:Infinity":14,"s:47:6:47:Infinity":15,"s:48:6:48:Infinity":16,"s:52:2:52:Infinity":17,"f:62:16:62:28":6,"b:63:2:65:Infinity:undefined:undefined:undefined:undefined":5,"s:63:2:65:Infinity":18,"s:64:4:64:Infinity":19,"s:66:2:66:Infinity":20,"f:76:16:76:30":7,"b:77:2:79:Infinity:undefined:undefined:undefined:undefined":6,"s:77:2:79:Infinity":21,"s:78:4:78:Infinity":22,"s:80:2:80:Infinity":23,"f:91:16:91:Infinity":8,"s:95:20:95:Infinity":24,"b:97:2:100:Infinity:undefined:undefined:undefined:undefined":7,"s:97:2:100:Infinity":25,"s:98:21:98:Infinity":26,"f:98:52:98:53":9,"s:98:59:98:76":27,"s:99:4:99:Infinity":28,"b:99:16:99:34:99:34:99:42":8,"s:102:2:102:Infinity":29,"f:102:23:102:24":10,"s:102:30:102:88":30,"b:102:78:102:84:102:84:102:86":9,"f:114:16:114:Infinity":11,"b:117:13:117:Infinity":10,"s:119:20:119:Infinity":31,"b:121:2:124:Infinity:undefined:undefined:undefined:undefined":11,"s:121:2:124:Infinity":32,"s:122:21:122:Infinity":33,"f:122:52:122:53":12,"s:122:59:122:76":34,"s:123:4:123:Infinity":35,"b:123:16:123:36:123:36:123:54:123:54:123:62":12,"s:126:2:129:Infinity":36,"f:127:12:127:13":13,"s:127:19:127:43":37,"b:127:19:127:31:127:31:127:43":13,"f:128:9:128:10":14,"s:128:16:128:69":38,"b:128:31:128:52:128:52:128:67":14,"f:140:16:140:Infinity":15,"s:144:20:144:Infinity":39,"s:147:2:157:Infinity":40,"b:148:4:148:Infinity:undefined:undefined:undefined:undefined":15,"s:148:4:148:Infinity":41,"s:148:29:148:Infinity":42,"s:150:19:150:Infinity":43,"b:153:4:156:Infinity:undefined:undefined:undefined:undefined":16,"s:153:4:156:Infinity":44,"s:154:22:154:Infinity":45,"s:155:6:155:Infinity":46,"b:155:27:155:46:155:46:155:59":17,"s:160:19:160:Infinity":47,"f:160:50:160:51":16,"s:160:57:160:74":48,"s:161:2:161:Infinity":49,"b:161:21:161:41:161:41:161:59:161:59:161:67":18}}}
,"/Users/tomo/Dev/jdr-coffee/packages/static-data/src/lib/items/items.helpers.ts": {"path":"/Users/tomo/Dev/jdr-coffee/packages/static-data/src/lib/items/items.helpers.ts","statementMap":{"0":{"start":{"line":28,"column":23},"end":{"line":28,"column":null}},"1":{"start":{"line":31,"column":2},"end":{"line":33,"column":null}},"2":{"start":{"line":32,"column":4},"end":{"line":32,"column":null}},"3":{"start":{"line":36,"column":2},"end":{"line":38,"column":null}},"4":{"start":{"line":37,"column":4},"end":{"line":37,"column":null}},"5":{"start":{"line":41,"column":2},"end":{"line":48,"column":null}},"6":{"start":{"line":42,"column":33},"end":{"line":44,"column":null}},"7":{"start":{"line":43,"column":17},"end":{"line":43,"column":null}},"8":{"start":{"line":45,"column":4},"end":{"line":47,"column":null}},"9":{"start":{"line":46,"column":6},"end":{"line":46,"column":null}},"10":{"start":{"line":51,"column":2},"end":{"line":57,"column":null}},"11":{"start":{"line":52,"column":4},"end":{"line":56,"column":null}},"12":{"start":{"line":53,"column":6},"end":{"line":55,"column":null}},"13":{"start":{"line":54,"column":8},"end":{"line":54,"column":null}},"14":{"start":{"line":60,"column":2},"end":{"line":62,"column":null}},"15":{"start":{"line":61,"column":4},"end":{"line":61,"column":null}},"16":{"start":{"line":64,"column":2},"end":{"line":64,"column":null}},"17":{"start":{"line":96,"column":14},"end":{"line":96,"column":null}},"18":{"start":{"line":99,"column":2},"end":{"line":99,"column":null}},"19":{"start":{"line":102,"column":19},"end":{"line":102,"column":null}},"20":{"start":{"line":103,"column":2},"end":{"line":120,"column":null}},"21":{"start":{"line":104,"column":29},"end":{"line":104,"column":null}},"22":{"start":{"line":106,"column":4},"end":{"line":110,"column":null}},"23":{"start":{"line":107,"column":6},"end":{"line":109,"column":null}},"24":{"start":{"line":114,"column":6},"end":{"line":114,"column":null}},"25":{"start":{"line":115,"column":4},"end":{"line":117,"column":null}},"26":{"start":{"line":116,"column":6},"end":{"line":116,"column":null}},"27":{"start":{"line":119,"column":4},"end":{"line":119,"column":null}},"28":{"start":{"line":123,"column":2},"end":{"line":135,"column":null}},"29":{"start":{"line":124,"column":21},"end":{"line":124,"column":null}},"30":{"start":{"line":125,"column":4},"end":{"line":134,"column":null}},"31":{"start":{"line":126,"column":27},"end":{"line":126,"column":null}},"32":{"start":{"line":129,"column":6},"end":{"line":131,"column":null}},"33":{"start":{"line":130,"column":8},"end":{"line":130,"column":null}},"34":{"start":{"line":133,"column":6},"end":{"line":133,"column":null}},"35":{"start":{"line":137,"column":2},"end":{"line":137,"column":null}},"36":{"start":{"line":155,"column":19},"end":{"line":155,"column":null}},"37":{"start":{"line":156,"column":2},"end":{"line":158,"column":null}},"38":{"start":{"line":157,"column":4},"end":{"line":157,"column":null}},"39":{"start":{"line":160,"column":17},"end":{"line":160,"column":null}},"40":{"start":{"line":161,"column":2},"end":{"line":161,"column":null}},"41":{"start":{"line":177,"column":2},"end":{"line":177,"column":null}},"42":{"start":{"line":177,"column":32},"end":{"line":177,"column":74}},"43":{"start":{"line":188,"column":2},"end":{"line":195,"column":null}},"44":{"start":{"line":190,"column":4},"end":{"line":192,"column":null}},"45":{"start":{"line":191,"column":6},"end":{"line":191,"column":null}},"46":{"start":{"line":194,"column":4},"end":{"line":194,"column":null}},"47":{"start":{"line":208,"column":2},"end":{"line":212,"column":null}},"48":{"start":{"line":209,"column":4},"end":{"line":211,"column":null}},"49":{"start":{"line":215,"column":20},"end":{"line":215,"column":null}},"50":{"start":{"line":216,"column":2},"end":{"line":220,"column":null}},"51":{"start":{"line":217,"column":4},"end":{"line":219,"column":null}},"52":{"start":{"line":222,"column":23},"end":{"line":222,"column":null}},"53":{"start":{"line":223,"column":26},"end":{"line":223,"column":null}},"54":{"start":{"line":225,"column":2},"end":{"line":247,"column":null}},"55":{"start":{"line":227,"column":18},"end":{"line":227,"column":null}},"56":{"start":{"line":229,"column":4},"end":{"line":239,"column":null}},"57":{"start":{"line":230,"column":6},"end":{"line":238,"column":null}},"58":{"start":{"line":231,"column":23},"end":{"line":231,"column":null}},"59":{"start":{"line":233,"column":8},"end":{"line":237,"column":null}},"60":{"start":{"line":234,"column":10},"end":{"line":234,"column":null}},"61":{"start":{"line":236,"column":10},"end":{"line":236,"column":null}},"62":{"start":{"line":241,"column":4},"end":{"line":246,"column":null}},"63":{"start":{"line":249,"column":2},"end":{"line":265,"column":null}},"64":{"start":{"line":251,"column":21},"end":{"line":251,"column":null}},"65":{"start":{"line":253,"column":4},"end":{"line":257,"column":null}},"66":{"start":{"line":254,"column":6},"end":{"line":256,"column":null}},"67":{"start":{"line":255,"column":8},"end":{"line":255,"column":null}},"68":{"start":{"line":259,"column":4},"end":{"line":264,"column":null}},"69":{"start":{"line":268,"column":2},"end":{"line":270,"column":null}},"70":{"start":{"line":281,"column":2},"end":{"line":281,"column":null}},"71":{"start":{"line":281,"column":19},"end":{"line":281,"column":null}},"72":{"start":{"line":282,"column":2},"end":{"line":282,"column":null}},"73":{"start":{"line":282,"column":18},"end":{"line":282,"column":null}},"74":{"start":{"line":283,"column":2},"end":{"line":283,"column":null}},"75":{"start":{"line":283,"column":18},"end":{"line":283,"column":null}},"76":{"start":{"line":284,"column":2},"end":{"line":284,"column":null}},"77":{"start":{"line":284,"column":19},"end":{"line":284,"column":null}},"78":{"start":{"line":285,"column":2},"end":{"line":285,"column":null}},"79":{"start":{"line":285,"column":19},"end":{"line":285,"column":null}},"80":{"start":{"line":286,"column":2},"end":{"line":286,"column":null}},"81":{"start":{"line":300,"column":2},"end":{"line":302,"column":null}},"82":{"start":{"line":301,"column":4},"end":{"line":301,"column":null}},"83":{"start":{"line":304,"column":2},"end":{"line":310,"column":null}},"84":{"start":{"line":306,"column":4},"end":{"line":309,"column":null}},"85":{"start":{"line":313,"column":2},"end":{"line":316,"column":null}},"86":{"start":{"line":332,"column":2},"end":{"line":335,"column":null}},"87":{"start":{"line":333,"column":21},"end":{"line":333,"column":null}},"88":{"start":{"line":334,"column":4},"end":{"line":334,"column":null}},"89":{"start":{"line":352,"column":29},"end":{"line":356,"column":null}},"90":{"start":{"line":357,"column":2},"end":{"line":357,"column":null}},"91":{"start":{"line":376,"column":2},"end":{"line":378,"column":null}},"92":{"start":{"line":377,"column":4},"end":{"line":377,"column":null}},"93":{"start":{"line":381,"column":19},"end":{"line":381,"column":null}},"94":{"start":{"line":382,"column":2},"end":{"line":382,"column":null}}},"fnMap":{"0":{"name":"isItemAvailable","decl":{"start":{"line":23,"column":16},"end":{"line":23,"column":null}},"loc":{"start":{"line":27,"column":11},"end":{"line":65,"column":null}},"line":27},"1":{"name":"(anonymous_1)","decl":{"start":{"line":43,"column":6},"end":{"line":43,"column":7}},"loc":{"start":{"line":43,"column":17},"end":{"line":43,"column":null}},"line":43},"2":{"name":"calculateItemPrice","decl":{"start":{"line":87,"column":16},"end":{"line":87,"column":null}},"loc":{"start":{"line":95,"column":10},"end":{"line":138,"column":null}},"line":95},"3":{"name":"calculateItemWeight","decl":{"start":{"line":150,"column":16},"end":{"line":150,"column":null}},"loc":{"start":{"line":154,"column":10},"end":{"line":162,"column":null}},"line":154},"4":{"name":"filterItemsByUniverse","decl":{"start":{"line":172,"column":16},"end":{"line":172,"column":null}},"loc":{"start":{"line":176,"column":10},"end":{"line":178,"column":null}},"line":176},"5":{"name":"(anonymous_5)","decl":{"start":{"line":177,"column":22},"end":{"line":177,"column":23}},"loc":{"start":{"line":177,"column":32},"end":{"line":177,"column":74}},"line":177},"6":{"name":"filterItemsByPeriod","decl":{"start":{"line":187,"column":16},"end":{"line":187,"column":36}},"loc":{"start":{"line":187,"column":77},"end":{"line":196,"column":null}},"line":187},"7":{"name":"(anonymous_7)","decl":{"start":{"line":188,"column":22},"end":{"line":188,"column":23}},"loc":{"start":{"line":188,"column":32},"end":{"line":195,"column":3}},"line":188},"8":{"name":"calculateTotalWeight","decl":{"start":{"line":207,"column":16},"end":{"line":207,"column":37}},"loc":{"start":{"line":207,"column":64},"end":{"line":271,"column":null}},"line":207},"9":{"name":"getEncumbranceLevelFromSlots","decl":{"start":{"line":280,"column":9},"end":{"line":280,"column":38}},"loc":{"start":{"line":280,"column":53},"end":{"line":287,"column":null}},"line":280},"10":{"name":"convertWeight","decl":{"start":{"line":296,"column":16},"end":{"line":296,"column":null}},"loc":{"start":{"line":299,"column":18},"end":{"line":317,"column":null}},"line":299},"11":{"name":"getAvailableMaterialsForPeriod","decl":{"start":{"line":327,"column":16},"end":{"line":327,"column":null}},"loc":{"start":{"line":331,"column":12},"end":{"line":336,"column":null}},"line":331},"12":{"name":"(anonymous_12)","decl":{"start":{"line":332,"column":40},"end":{"line":332,"column":41}},"loc":{"start":{"line":332,"column":56},"end":{"line":335,"column":3}},"line":332},"13":{"name":"canItemBeCraftedInPeriod","decl":{"start":{"line":347,"column":16},"end":{"line":347,"column":null}},"loc":{"start":{"line":351,"column":11},"end":{"line":358,"column":null}},"line":351},"14":{"name":"isItemMaterialAvailableInPeriod","decl":{"start":{"line":369,"column":16},"end":{"line":369,"column":null}},"loc":{"start":{"line":374,"column":11},"end":{"line":383,"column":null}},"line":374}},"branchMap":{"0":{"loc":{"start":{"line":31,"column":2},"end":{"line":33,"column":null}},"type":"if","locations":[{"start":{"line":31,"column":2},"end":{"line":33,"column":null}},{"start":{},"end":{}}],"line":31},"1":{"loc":{"start":{"line":36,"column":2},"end":{"line":38,"column":null}},"type":"if","locations":[{"start":{"line":36,"column":2},"end":{"line":38,"column":null}},{"start":{},"end":{}}],"line":36},"2":{"loc":{"start":{"line":41,"column":2},"end":{"line":48,"column":null}},"type":"if","locations":[{"start":{"line":41,"column":2},"end":{"line":48,"column":null}},{"start":{},"end":{}}],"line":41},"3":{"loc":{"start":{"line":45,"column":4},"end":{"line":47,"column":null}},"type":"if","locations":[{"start":{"line":45,"column":4},"end":{"line":47,"column":null}},{"start":{},"end":{}}],"line":45},"4":{"loc":{"start":{"line":51,"column":2},"end":{"line":57,"column":null}},"type":"if","locations":[{"start":{"line":51,"column":2},"end":{"line":57,"column":null}},{"start":{},"end":{}}],"line":51},"5":{"loc":{"start":{"line":53,"column":6},"end":{"line":55,"column":null}},"type":"if","locations":[{"start":{"line":53,"column":6},"end":{"line":55,"column":null}},{"start":{},"end":{}}],"line":53},"6":{"loc":{"start":{"line":60,"column":2},"end":{"line":62,"column":null}},"type":"if","locations":[{"start":{"line":60,"column":2},"end":{"line":62,"column":null}},{"start":{},"end":{}}],"line":60},"7":{"loc":{"start":{"line":103,"column":2},"end":{"line":120,"column":null}},"type":"if","locations":[{"start":{"line":103,"column":2},"end":{"line":120,"column":null}},{"start":{},"end":{}}],"line":103},"8":{"loc":{"start":{"line":106,"column":4},"end":{"line":110,"column":null}},"type":"if","locations":[{"start":{"line":106,"column":4},"end":{"line":110,"column":null}},{"start":{},"end":{}}],"line":106},"9":{"loc":{"start":{"line":115,"column":4},"end":{"line":117,"column":null}},"type":"if","locations":[{"start":{"line":115,"column":4},"end":{"line":117,"column":null}},{"start":{},"end":{}}],"line":115},"10":{"loc":{"start":{"line":125,"column":4},"end":{"line":134,"column":null}},"type":"if","locations":[{"start":{"line":125,"column":4},"end":{"line":134,"column":null}},{"start":{},"end":{}}],"line":125},"11":{"loc":{"start":{"line":129,"column":6},"end":{"line":131,"column":null}},"type":"if","locations":[{"start":{"line":129,"column":6},"end":{"line":131,"column":null}},{"start":{},"end":{}}],"line":129},"12":{"loc":{"start":{"line":156,"column":2},"end":{"line":158,"column":null}},"type":"if","locations":[{"start":{"line":156,"column":2},"end":{"line":158,"column":null}},{"start":{},"end":{}}],"line":156},"13":{"loc":{"start":{"line":190,"column":4},"end":{"line":192,"column":null}},"type":"if","locations":[{"start":{"line":190,"column":4},"end":{"line":192,"column":null}},{"start":{},"end":{}}],"line":190},"14":{"loc":{"start":{"line":208,"column":2},"end":{"line":212,"column":null}},"type":"if","locations":[{"start":{"line":208,"column":2},"end":{"line":212,"column":null}},{"start":{},"end":{}}],"line":208},"15":{"loc":{"start":{"line":216,"column":2},"end":{"line":220,"column":null}},"type":"if","locations":[{"start":{"line":216,"column":2},"end":{"line":220,"column":null}},{"start":{},"end":{}}],"line":216},"16":{"loc":{"start":{"line":225,"column":2},"end":{"line":247,"column":null}},"type":"if","locations":[{"start":{"line":225,"column":2},"end":{"line":247,"column":null}},{"start":{},"end":{}}],"line":225},"17":{"loc":{"start":{"line":230,"column":6},"end":{"line":238,"column":null}},"type":"if","locations":[{"start":{"line":230,"column":6},"end":{"line":238,"column":null}},{"start":{},"end":{}}],"line":230},"18":{"loc":{"start":{"line":233,"column":8},"end":{"line":237,"column":null}},"type":"if","locations":[{"start":{"line":233,"column":8},"end":{"line":237,"column":null}},{"start":{"line":235,"column":15},"end":{"line":237,"column":null}}],"line":233},"19":{"loc":{"start":{"line":249,"column":2},"end":{"line":265,"column":null}},"type":"if","locations":[{"start":{"line":249,"column":2},"end":{"line":265,"column":null}},{"start":{},"end":{}}],"line":249},"20":{"loc":{"start":{"line":254,"column":6},"end":{"line":256,"column":null}},"type":"if","locations":[{"start":{"line":254,"column":6},"end":{"line":256,"column":null}},{"start":{},"end":{}}],"line":254},"21":{"loc":{"start":{"line":281,"column":2},"end":{"line":281,"column":null}},"type":"if","locations":[{"start":{"line":281,"column":2},"end":{"line":281,"column":null}},{"start":{},"end":{}}],"line":281},"22":{"loc":{"start":{"line":282,"column":2},"end":{"line":282,"column":null}},"type":"if","locations":[{"start":{"line":282,"column":2},"end":{"line":282,"column":null}},{"start":{},"end":{}}],"line":282},"23":{"loc":{"start":{"line":283,"column":2},"end":{"line":283,"column":null}},"type":"if","locations":[{"start":{"line":283,"column":2},"end":{"line":283,"column":null}},{"start":{},"end":{}}],"line":283},"24":{"loc":{"start":{"line":284,"column":2},"end":{"line":284,"column":null}},"type":"if","locations":[{"start":{"line":284,"column":2},"end":{"line":284,"column":null}},{"start":{},"end":{}}],"line":284},"25":{"loc":{"start":{"line":285,"column":2},"end":{"line":285,"column":null}},"type":"if","locations":[{"start":{"line":285,"column":2},"end":{"line":285,"column":null}},{"start":{},"end":{}}],"line":285},"26":{"loc":{"start":{"line":300,"column":2},"end":{"line":302,"column":null}},"type":"if","locations":[{"start":{"line":300,"column":2},"end":{"line":302,"column":null}},{"start":{},"end":{}}],"line":300},"27":{"loc":{"start":{"line":304,"column":2},"end":{"line":310,"column":null}},"type":"if","locations":[{"start":{"line":304,"column":2},"end":{"line":310,"column":null}},{"start":{},"end":{}}],"line":304},"28":{"loc":{"start":{"line":334,"column":11},"end":{"line":334,"column":null}},"type":"binary-expr","locations":[{"start":{"line":334,"column":11},"end":{"line":334,"column":23}},{"start":{"line":334,"column":23},"end":{"line":334,"column":null}}],"line":334},"29":{"loc":{"start":{"line":376,"column":2},"end":{"line":378,"column":null}},"type":"if","locations":[{"start":{"line":376,"column":2},"end":{"line":378,"column":null}},{"start":{},"end":{}}],"line":376},"30":{"loc":{"start":{"line":382,"column":9},"end":{"line":382,"column":null}},"type":"cond-expr","locations":[{"start":{"line":382,"column":20},"end":{"line":382,"column":71}},{"start":{"line":382,"column":71},"end":{"line":382,"column":null}}],"line":382}},"s":{"0":12,"1":12,"2":1,"3":11,"4":3,"5":8,"6":3,"7":3,"8":3,"9":0,"10":8,"11":5,"12":2,"13":2,"14":6,"15":2,"16":4,"17":7,"18":7,"19":7,"20":7,"21":7,"22":7,"23":1,"24":6,"25":7,"26":1,"27":6,"28":6,"29":4,"30":4,"31":4,"32":4,"33":1,"34":4,"35":6,"36":4,"37":4,"38":1,"39":3,"40":3,"41":2,"42":5,"43":3,"44":8,"45":2,"46":6,"47":5,"48":1,"49":4,"50":4,"51":0,"52":4,"53":4,"54":4,"55":2,"56":2,"57":4,"58":4,"59":4,"60":1,"61":3,"62":2,"63":2,"64":2,"65":2,"66":4,"67":4,"68":2,"69":0,"70":2,"71":0,"72":2,"73":1,"74":1,"75":0,"76":1,"77":0,"78":1,"79":1,"80":0,"81":4,"82":1,"83":3,"84":1,"85":2,"86":8,"87":15,"88":15,"89":4,"90":4,"91":6,"92":2,"93":4,"94":4},"f":{"0":12,"1":3,"2":7,"3":4,"4":2,"5":5,"6":3,"7":8,"8":5,"9":2,"10":4,"11":8,"12":15,"13":4,"14":6},"b":{"0":[1,11],"1":[3,8],"2":[3,5],"3":[0,3],"4":[5,3],"5":[2,0],"6":[2,4],"7":[7,0],"8":[1,6],"9":[1,6],"10":[4,0],"11":[1,3],"12":[1,3],"13":[2,6],"14":[1,4],"15":[0,4],"16":[2,2],"17":[4,0],"18":[1,3],"19":[2,0],"20":[4,0],"21":[0,2],"22":[1,1],"23":[0,1],"24":[0,1],"25":[1,0],"26":[1,3],"27":[1,2],"28":[15,15],"29":[2,4],"30":[4,0]},"meta":{"lastBranch":31,"lastFunction":15,"lastStatement":95,"seen":{"f:23:16:23:Infinity":0,"s:28:23:28:Infinity":0,"b:31:2:33:Infinity:undefined:undefined:undefined:undefined":0,"s:31:2:33:Infinity":1,"s:32:4:32:Infinity":2,"b:36:2:38:Infinity:undefined:undefined:undefined:undefined":1,"s:36:2:38:Infinity":3,"s:37:4:37:Infinity":4,"b:41:2:48:Infinity:undefined:undefined:undefined:undefined":2,"s:41:2:48:Infinity":5,"s:42:33:44:Infinity":6,"f:43:6:43:7":1,"s:43:17:43:Infinity":7,"b:45:4:47:Infinity:undefined:undefined:undefined:undefined":3,"s:45:4:47:Infinity":8,"s:46:6:46:Infinity":9,"b:51:2:57:Infinity:undefined:undefined:undefined:undefined":4,"s:51:2:57:Infinity":10,"s:52:4:56:Infinity":11,"b:53:6:55:Infinity:undefined:undefined:undefined:undefined":5,"s:53:6:55:Infinity":12,"s:54:8:54:Infinity":13,"b:60:2:62:Infinity:undefined:undefined:undefined:undefined":6,"s:60:2:62:Infinity":14,"s:61:4:61:Infinity":15,"s:64:2:64:Infinity":16,"f:87:16:87:Infinity":2,"s:96:14:96:Infinity":17,"s:99:2:99:Infinity":18,"s:102:19:102:Infinity":19,"b:103:2:120:Infinity:undefined:undefined:undefined:undefined":7,"s:103:2:120:Infinity":20,"s:104:29:104:Infinity":21,"b:106:4:110:Infinity:undefined:undefined:undefined:undefined":8,"s:106:4:110:Infinity":22,"s:107:6:109:Infinity":23,"s:114:6:114:Infinity":24,"b:115:4:117:Infinity:undefined:undefined:undefined:undefined":9,"s:115:4:117:Infinity":25,"s:116:6:116:Infinity":26,"s:119:4:119:Infinity":27,"s:123:2:135:Infinity":28,"s:124:21:124:Infinity":29,"b:125:4:134:Infinity:undefined:undefined:undefined:undefined":10,"s:125:4:134:Infinity":30,"s:126:27:126:Infinity":31,"b:129:6:131:Infinity:undefined:undefined:undefined:undefined":11,"s:129:6:131:Infinity":32,"s:130:8:130:Infinity":33,"s:133:6:133:Infinity":34,"s:137:2:137:Infinity":35,"f:150:16:150:Infinity":3,"s:155:19:155:Infinity":36,"b:156:2:158:Infinity:undefined:undefined:undefined:undefined":12,"s:156:2:158:Infinity":37,"s:157:4:157:Infinity":38,"s:160:17:160:Infinity":39,"s:161:2:161:Infinity":40,"f:172:16:172:Infinity":4,"s:177:2:177:Infinity":41,"f:177:22:177:23":5,"s:177:32:177:74":42,"f:187:16:187:36":6,"s:188:2:195:Infinity":43,"f:188:22:188:23":7,"b:190:4:192:Infinity:undefined:undefined:undefined:undefined":13,"s:190:4:192:Infinity":44,"s:191:6:191:Infinity":45,"s:194:4:194:Infinity":46,"f:207:16:207:37":8,"b:208:2:212:Infinity:undefined:undefined:undefined:undefined":14,"s:208:2:212:Infinity":47,"s:209:4:211:Infinity":48,"s:215:20:215:Infinity":49,"b:216:2:220:Infinity:undefined:undefined:undefined:undefined":15,"s:216:2:220:Infinity":50,"s:217:4:219:Infinity":51,"s:222:23:222:Infinity":52,"s:223:26:223:Infinity":53,"b:225:2:247:Infinity:undefined:undefined:undefined:undefined":16,"s:225:2:247:Infinity":54,"s:227:18:227:Infinity":55,"s:229:4:239:Infinity":56,"b:230:6:238:Infinity:undefined:undefined:undefined:undefined":17,"s:230:6:238:Infinity":57,"s:231:23:231:Infinity":58,"b:233:8:237:Infinity:235:15:237:Infinity":18,"s:233:8:237:Infinity":59,"s:234:10:234:Infinity":60,"s:236:10:236:Infinity":61,"s:241:4:246:Infinity":62,"b:249:2:265:Infinity:undefined:undefined:undefined:undefined":19,"s:249:2:265:Infinity":63,"s:251:21:251:Infinity":64,"s:253:4:257:Infinity":65,"b:254:6:256:Infinity:undefined:undefined:undefined:undefined":20,"s:254:6:256:Infinity":66,"s:255:8:255:Infinity":67,"s:259:4:264:Infinity":68,"s:268:2:270:Infinity":69,"f:280:9:280:38":9,"b:281:2:281:Infinity:undefined:undefined:undefined:undefined":21,"s:281:2:281:Infinity":70,"s:281:19:281:Infinity":71,"b:282:2:282:Infinity:undefined:undefined:undefined:undefined":22,"s:282:2:282:Infinity":72,"s:282:18:282:Infinity":73,"b:283:2:283:Infinity:undefined:undefined:undefined:undefined":23,"s:283:2:283:Infinity":74,"s:283:18:283:Infinity":75,"b:284:2:284:Infinity:undefined:undefined:undefined:undefined":24,"s:284:2:284:Infinity":76,"s:284:19:284:Infinity":77,"b:285:2:285:Infinity:undefined:undefined:undefined:undefined":25,"s:285:2:285:Infinity":78,"s:285:19:285:Infinity":79,"s:286:2:286:Infinity":80,"f:296:16:296:Infinity":10,"b:300:2:302:Infinity:undefined:undefined:undefined:undefined":26,"s:300:2:302:Infinity":81,"s:301:4:301:Infinity":82,"b:304:2:310:Infinity:undefined:undefined:undefined:undefined":27,"s:304:2:310:Infinity":83,"s:306:4:309:Infinity":84,"s:313:2:316:Infinity":85,"f:327:16:327:Infinity":11,"s:332:2:335:Infinity":86,"f:332:40:332:41":12,"s:333:21:333:Infinity":87,"s:334:4:334:Infinity":88,"b:334:11:334:23:334:23:334:Infinity":28,"f:347:16:347:Infinity":13,"s:352:29:356:Infinity":89,"s:357:2:357:Infinity":90,"f:369:16:369:Infinity":14,"b:376:2:378:Infinity:undefined:undefined:undefined:undefined":29,"s:376:2:378:Infinity":91,"s:377:4:377:Infinity":92,"s:381:19:381:Infinity":93,"s:382:2:382:Infinity":94,"b:382:20:382:71:382:71:382:Infinity":30}}}
,"/Users/tomo/Dev/jdr-coffee/packages/static-data/src/lib/materials/materials.calculations.ts": {"path":"/Users/tomo/Dev/jdr-coffee/packages/static-data/src/lib/materials/materials.calculations.ts","statementMap":{"0":{"start":{"line":15,"column":2},"end":{"line":15,"column":null}},"1":{"start":{"line":28,"column":2},"end":{"line":28,"column":null}},"2":{"start":{"line":41,"column":2},"end":{"line":41,"column":null}},"3":{"start":{"line":58,"column":23},"end":{"line":58,"column":null}},"4":{"start":{"line":59,"column":26},"end":{"line":59,"column":null}},"5":{"start":{"line":61,"column":2},"end":{"line":65,"column":null}},"6":{"start":{"line":62,"column":4},"end":{"line":64,"column":null}},"7":{"start":{"line":67,"column":2},"end":{"line":67,"column":null}},"8":{"start":{"line":76,"column":23},"end":{"line":76,"column":null}},"9":{"start":{"line":78,"column":2},"end":{"line":93,"column":null}},"10":{"start":{"line":81,"column":6},"end":{"line":81,"column":null}},"11":{"start":{"line":85,"column":6},"end":{"line":85,"column":null}},"12":{"start":{"line":89,"column":6},"end":{"line":89,"column":null}},"13":{"start":{"line":92,"column":6},"end":{"line":92,"column":null}},"14":{"start":{"line":103,"column":2},"end":{"line":105,"column":null}},"15":{"start":{"line":104,"column":4},"end":{"line":104,"column":null}},"16":{"start":{"line":107,"column":23},"end":{"line":107,"column":null}},"17":{"start":{"line":108,"column":28},"end":{"line":108,"column":null}},"18":{"start":{"line":109,"column":25},"end":{"line":109,"column":null}},"19":{"start":{"line":112,"column":4},"end":{"line":112,"column":null}},"20":{"start":{"line":114,"column":2},"end":{"line":114,"column":null}},"21":{"start":{"line":123,"column":2},"end":{"line":123,"column":null}},"22":{"start":{"line":136,"column":8},"end":{"line":139,"column":null}},"23":{"start":{"line":141,"column":8},"end":{"line":144,"column":null}},"24":{"start":{"line":146,"column":2},"end":{"line":146,"column":null}},"25":{"start":{"line":160,"column":4},"end":{"line":162,"column":null}},"26":{"start":{"line":165,"column":4},"end":{"line":167,"column":null}},"27":{"start":{"line":169,"column":2},"end":{"line":169,"column":null}},"28":{"start":{"line":180,"column":2},"end":{"line":182,"column":null}},"29":{"start":{"line":181,"column":4},"end":{"line":181,"column":null}},"30":{"start":{"line":184,"column":23},"end":{"line":184,"column":null}},"31":{"start":{"line":185,"column":2},"end":{"line":187,"column":null}},"32":{"start":{"line":186,"column":4},"end":{"line":186,"column":null}},"33":{"start":{"line":190,"column":2},"end":{"line":190,"column":null}},"34":{"start":{"line":200,"column":2},"end":{"line":202,"column":null}},"35":{"start":{"line":212,"column":23},"end":{"line":212,"column":null}},"36":{"start":{"line":214,"column":2},"end":{"line":214,"column":null}}},"fnMap":{"0":{"name":"calculateWeight","decl":{"start":{"line":9,"column":16},"end":{"line":9,"column":null}},"loc":{"start":{"line":12,"column":10},"end":{"line":16,"column":null}},"line":12},"1":{"name":"calculateDurability","decl":{"start":{"line":24,"column":16},"end":{"line":24,"column":null}},"loc":{"start":{"line":27,"column":10},"end":{"line":29,"column":null}},"line":27},"2":{"name":"calculateEffectiveness","decl":{"start":{"line":37,"column":16},"end":{"line":37,"column":null}},"loc":{"start":{"line":40,"column":10},"end":{"line":42,"column":null}},"line":40},"3":{"name":"calculatePrice","decl":{"start":{"line":52,"column":16},"end":{"line":52,"column":null}},"loc":{"start":{"line":57,"column":10},"end":{"line":68,"column":null}},"line":57},"4":{"name":"normalizeHardness","decl":{"start":{"line":75,"column":16},"end":{"line":75,"column":34}},"loc":{"start":{"line":75,"column":62},"end":{"line":94,"column":null}},"line":75},"5":{"name":"calculateSharpnessScore","decl":{"start":{"line":102,"column":16},"end":{"line":102,"column":40}},"loc":{"start":{"line":102,"column":68},"end":{"line":115,"column":null}},"line":102},"6":{"name":"calculateStrengthToWeightRatio","decl":{"start":{"line":122,"column":16},"end":{"line":122,"column":47}},"loc":{"start":{"line":122,"column":75},"end":{"line":124,"column":null}},"line":122},"7":{"name":"compareMaterialsForWeapons","decl":{"start":{"line":132,"column":16},"end":{"line":132,"column":null}},"loc":{"start":{"line":135,"column":10},"end":{"line":147,"column":null}},"line":135},"8":{"name":"compareMaterialsForArmor","decl":{"start":{"line":155,"column":16},"end":{"line":155,"column":null}},"loc":{"start":{"line":158,"column":10},"end":{"line":170,"column":null}},"line":158},"9":{"name":"getRequiredForgingTemperature","decl":{"start":{"line":177,"column":16},"end":{"line":177,"column":null}},"loc":{"start":{"line":179,"column":17},"end":{"line":191,"column":null}},"line":179},"10":{"name":"canBeQuenched","decl":{"start":{"line":198,"column":16},"end":{"line":198,"column":30}},"loc":{"start":{"line":198,"column":59},"end":{"line":204,"column":null}},"line":198},"11":{"name":"normalizeThermalConductivity","decl":{"start":{"line":211,"column":16},"end":{"line":211,"column":45}},"loc":{"start":{"line":211,"column":73},"end":{"line":215,"column":null}},"line":211}},"branchMap":{"0":{"loc":{"start":{"line":56,"column":2},"end":{"line":56,"column":null}},"type":"default-arg","locations":[{"start":{"line":56,"column":25},"end":{"line":56,"column":null}}],"line":56},"1":{"loc":{"start":{"line":58,"column":23},"end":{"line":58,"column":null}},"type":"binary-expr","locations":[{"start":{"line":58,"column":23},"end":{"line":58,"column":40}},{"start":{"line":58,"column":40},"end":{"line":58,"column":null}}],"line":58},"2":{"loc":{"start":{"line":61,"column":2},"end":{"line":65,"column":null}},"type":"if","locations":[{"start":{"line":61,"column":2},"end":{"line":65,"column":null}},{"start":{},"end":{}}],"line":61},"3":{"loc":{"start":{"line":78,"column":2},"end":{"line":93,"column":null}},"type":"switch","locations":[{"start":{"line":79,"column":4},"end":{"line":81,"column":null}},{"start":{"line":83,"column":4},"end":{"line":85,"column":null}},{"start":{"line":87,"column":4},"end":{"line":89,"column":null}},{"start":{"line":91,"column":4},"end":{"line":92,"column":null}}],"line":78},"4":{"loc":{"start":{"line":103,"column":2},"end":{"line":105,"column":null}},"type":"if","locations":[{"start":{"line":103,"column":2},"end":{"line":105,"column":null}},{"start":{},"end":{}}],"line":103},"5":{"loc":{"start":{"line":108,"column":28},"end":{"line":108,"column":null}},"type":"binary-expr","locations":[{"start":{"line":108,"column":28},"end":{"line":108,"column":75}},{"start":{"line":108,"column":75},"end":{"line":108,"column":null}}],"line":108},"6":{"loc":{"start":{"line":109,"column":25},"end":{"line":109,"column":null}},"type":"binary-expr","locations":[{"start":{"line":109,"column":25},"end":{"line":109,"column":62}},{"start":{"line":109,"column":62},"end":{"line":109,"column":null}}],"line":109},"7":{"loc":{"start":{"line":137,"column":5},"end":{"line":137,"column":47}},"type":"binary-expr","locations":[{"start":{"line":137,"column":5},"end":{"line":137,"column":42}},{"start":{"line":137,"column":42},"end":{"line":137,"column":47}}],"line":137},"8":{"loc":{"start":{"line":142,"column":5},"end":{"line":142,"column":47}},"type":"binary-expr","locations":[{"start":{"line":142,"column":5},"end":{"line":142,"column":42}},{"start":{"line":142,"column":42},"end":{"line":142,"column":47}}],"line":142},"9":{"loc":{"start":{"line":180,"column":2},"end":{"line":182,"column":null}},"type":"if","locations":[{"start":{"line":180,"column":2},"end":{"line":182,"column":null}},{"start":{},"end":{}}],"line":180},"10":{"loc":{"start":{"line":185,"column":2},"end":{"line":187,"column":null}},"type":"if","locations":[{"start":{"line":185,"column":2},"end":{"line":187,"column":null}},{"start":{},"end":{}}],"line":185},"11":{"loc":{"start":{"line":201,"column":4},"end":{"line":202,"column":null}},"type":"binary-expr","locations":[{"start":{"line":201,"column":4},"end":{"line":201,"column":null}},{"start":{"line":202,"column":5},"end":{"line":202,"column":32}},{"start":{"line":202,"column":32},"end":{"line":202,"column":null}}],"line":201},"12":{"loc":{"start":{"line":212,"column":23},"end":{"line":212,"column":null}},"type":"binary-expr","locations":[{"start":{"line":212,"column":23},"end":{"line":212,"column":64}},{"start":{"line":212,"column":64},"end":{"line":212,"column":null}}],"line":212}},"s":{"0":4,"1":3,"2":2,"3":5,"4":5,"5":5,"6":1,"7":4,"8":28,"9":28,"10":14,"11":12,"12":2,"13":0,"14":4,"15":1,"16":3,"17":3,"18":4,"19":4,"20":4,"21":3,"22":4,"23":4,"24":4,"25":5,"26":5,"27":5,"28":4,"29":1,"30":3,"31":4,"32":1,"33":2,"34":5,"35":5,"36":5},"f":{"0":4,"1":3,"2":2,"3":5,"4":28,"5":4,"6":3,"7":4,"8":5,"9":4,"10":5,"11":5},"b":{"0":[5],"1":[5,1],"2":[1,4],"3":[14,12,2,0],"4":[1,3],"5":[3,0],"6":[4,0],"7":[4,0],"8":[4,0],"9":[1,3],"10":[1,3],"11":[5,4,3],"12":[5,1]},"meta":{"lastBranch":13,"lastFunction":12,"lastStatement":37,"seen":{"f:9:16:9:Infinity":0,"s:15:2:15:Infinity":0,"f:24:16:24:Infinity":1,"s:28:2:28:Infinity":1,"f:37:16:37:Infinity":2,"s:41:2:41:Infinity":2,"f:52:16:52:Infinity":3,"b:56:25:56:Infinity":0,"s:58:23:58:Infinity":3,"b:58:23:58:40:58:40:58:Infinity":1,"s:59:26:59:Infinity":4,"b:61:2:65:Infinity:undefined:undefined:undefined:undefined":2,"s:61:2:65:Infinity":5,"s:62:4:64:Infinity":6,"s:67:2:67:Infinity":7,"f:75:16:75:34":4,"s:76:23:76:Infinity":8,"b:79:4:81:Infinity:83:4:85:Infinity:87:4:89:Infinity:91:4:92:Infinity":3,"s:78:2:93:Infinity":9,"s:81:6:81:Infinity":10,"s:85:6:85:Infinity":11,"s:89:6:89:Infinity":12,"s:92:6:92:Infinity":13,"f:102:16:102:40":5,"b:103:2:105:Infinity:undefined:undefined:undefined:undefined":4,"s:103:2:105:Infinity":14,"s:104:4:104:Infinity":15,"s:107:23:107:Infinity":16,"s:108:28:108:Infinity":17,"b:108:28:108:75:108:75:108:Infinity":5,"s:109:25:109:Infinity":18,"b:109:25:109:62:109:62:109:Infinity":6,"s:112:4:112:Infinity":19,"s:114:2:114:Infinity":20,"f:122:16:122:47":6,"s:123:2:123:Infinity":21,"f:132:16:132:Infinity":7,"s:136:8:139:Infinity":22,"b:137:5:137:42:137:42:137:47":7,"s:141:8:144:Infinity":23,"b:142:5:142:42:142:42:142:47":8,"s:146:2:146:Infinity":24,"f:155:16:155:Infinity":8,"s:160:4:162:Infinity":25,"s:165:4:167:Infinity":26,"s:169:2:169:Infinity":27,"f:177:16:177:Infinity":9,"b:180:2:182:Infinity:undefined:undefined:undefined:undefined":9,"s:180:2:182:Infinity":28,"s:181:4:181:Infinity":29,"s:184:23:184:Infinity":30,"b:185:2:187:Infinity:undefined:undefined:undefined:undefined":10,"s:185:2:187:Infinity":31,"s:186:4:186:Infinity":32,"s:190:2:190:Infinity":33,"f:198:16:198:30":10,"s:200:2:202:Infinity":34,"b:201:4:201:Infinity:202:5:202:32:202:32:202:Infinity":11,"f:211:16:211:45":11,"s:212:23:212:Infinity":35,"b:212:23:212:64:212:64:212:Infinity":12,"s:214:2:214:Infinity":36}}}
,"/Users/tomo/Dev/jdr-coffee/packages/static-data/src/lib/materials/materials.constants.ts": {"path":"/Users/tomo/Dev/jdr-coffee/packages/static-data/src/lib/materials/materials.constants.ts","statementMap":{"0":{"start":{"line":21,"column":30},"end":{"line":53,"column":null}},"1":{"start":{"line":55,"column":31},"end":{"line":86,"column":null}},"2":{"start":{"line":88,"column":41},"end":{"line":115,"column":null}},"3":{"start":{"line":117,"column":32},"end":{"line":150,"column":null}},"4":{"start":{"line":152,"column":32},"end":{"line":185,"column":null}},"5":{"start":{"line":187,"column":29},"end":{"line":220,"column":null}},"6":{"start":{"line":222,"column":32},"end":{"line":255,"column":null}},"7":{"start":{"line":257,"column":30},"end":{"line":290,"column":null}},"8":{"start":{"line":292,"column":34},"end":{"line":319,"column":null}},"9":{"start":{"line":321,"column":34},"end":{"line":348,"column":null}},"10":{"start":{"line":350,"column":34},"end":{"line":377,"column":null}},"11":{"start":{"line":379,"column":34},"end":{"line":406,"column":null}},"12":{"start":{"line":412,"column":30},"end":{"line":445,"column":null}},"13":{"start":{"line":447,"column":33},"end":{"line":479,"column":null}},"14":{"start":{"line":481,"column":31},"end":{"line":511,"column":null}},"15":{"start":{"line":513,"column":30},"end":{"line":546,"column":null}},"16":{"start":{"line":548,"column":30},"end":{"line":581,"column":null}},"17":{"start":{"line":583,"column":29},"end":{"line":613,"column":null}},"18":{"start":{"line":619,"column":31},"end":{"line":652,"column":null}},"19":{"start":{"line":654,"column":31},"end":{"line":687,"column":null}},"20":{"start":{"line":689,"column":34},"end":{"line":722,"column":null}},"21":{"start":{"line":724,"column":33},"end":{"line":757,"column":null}},"22":{"start":{"line":759,"column":32},"end":{"line":792,"column":null}},"23":{"start":{"line":794,"column":33},"end":{"line":821,"column":null}},"24":{"start":{"line":823,"column":33},"end":{"line":856,"column":null}},"25":{"start":{"line":858,"column":31},"end":{"line":888,"column":null}},"26":{"start":{"line":894,"column":33},"end":{"line":926,"column":null}},"27":{"start":{"line":928,"column":30},"end":{"line":958,"column":null}},"28":{"start":{"line":960,"column":34},"end":{"line":987,"column":null}},"29":{"start":{"line":989,"column":33},"end":{"line":1015,"column":null}},"30":{"start":{"line":1017,"column":38},"end":{"line":1043,"column":null}},"31":{"start":{"line":1045,"column":34},"end":{"line":1070,"column":null}},"32":{"start":{"line":1072,"column":33},"end":{"line":1097,"column":null}},"33":{"start":{"line":1102,"column":25},"end":{"line":1143,"column":null}}},"fnMap":{},"branchMap":{},"s":{"0":2,"1":2,"2":2,"3":2,"4":2,"5":2,"6":2,"7":2,"8":2,"9":2,"10":2,"11":2,"12":2,"13":2,"14":2,"15":2,"16":2,"17":2,"18":2,"19":2,"20":2,"21":2,"22":2,"23":2,"24":2,"25":2,"26":2,"27":2,"28":2,"29":2,"30":2,"31":2,"32":2,"33":2},"f":{},"b":{},"meta":{"lastBranch":0,"lastFunction":0,"lastStatement":34,"seen":{"s:21:30:53:Infinity":0,"s:55:31:86:Infinity":1,"s:88:41:115:Infinity":2,"s:117:32:150:Infinity":3,"s:152:32:185:Infinity":4,"s:187:29:220:Infinity":5,"s:222:32:255:Infinity":6,"s:257:30:290:Infinity":7,"s:292:34:319:Infinity":8,"s:321:34:348:Infinity":9,"s:350:34:377:Infinity":10,"s:379:34:406:Infinity":11,"s:412:30:445:Infinity":12,"s:447:33:479:Infinity":13,"s:481:31:511:Infinity":14,"s:513:30:546:Infinity":15,"s:548:30:581:Infinity":16,"s:583:29:613:Infinity":17,"s:619:31:652:Infinity":18,"s:654:31:687:Infinity":19,"s:689:34:722:Infinity":20,"s:724:33:757:Infinity":21,"s:759:32:792:Infinity":22,"s:794:33:821:Infinity":23,"s:823:33:856:Infinity":24,"s:858:31:888:Infinity":25,"s:894:33:926:Infinity":26,"s:928:30:958:Infinity":27,"s:960:34:987:Infinity":28,"s:989:33:1015:Infinity":29,"s:1017:38:1043:Infinity":30,"s:1045:34:1070:Infinity":31,"s:1072:33:1097:Infinity":32,"s:1102:25:1143:Infinity":33}}}
,"/Users/tomo/Dev/jdr-coffee/packages/static-data/src/lib/materials/materials.helpers.ts": {"path":"/Users/tomo/Dev/jdr-coffee/packages/static-data/src/lib/materials/materials.helpers.ts","statementMap":{"0":{"start":{"line":7,"column":34},"end":{"line":18,"column":null}},"1":{"start":{"line":27,"column":2},"end":{"line":27,"column":null}},"2":{"start":{"line":34,"column":2},"end":{"line":36,"column":null}},"3":{"start":{"line":35,"column":4},"end":{"line":35,"column":null}},"4":{"start":{"line":46,"column":19},"end":{"line":46,"column":null}},"5":{"start":{"line":46,"column":56},"end":{"line":46,"column":75}},"6":{"start":{"line":47,"column":2},"end":{"line":47,"column":null}},"7":{"start":{"line":59,"column":21},"end":{"line":59,"column":null}},"8":{"start":{"line":61,"column":2},"end":{"line":67,"column":null}},"9":{"start":{"line":62,"column":29},"end":{"line":62,"column":null}},"10":{"start":{"line":63,"column":4},"end":{"line":66,"column":null}},"11":{"start":{"line":69,"column":2},"end":{"line":69,"column":null}},"12":{"start":{"line":76,"column":2},"end":{"line":76,"column":null}},"13":{"start":{"line":76,"column":53},"end":{"line":76,"column":71}},"14":{"start":{"line":85,"column":2},"end":{"line":87,"column":null}},"15":{"start":{"line":86,"column":18},"end":{"line":86,"column":null}},"16":{"start":{"line":96,"column":2},"end":{"line":98,"column":null}},"17":{"start":{"line":97,"column":4},"end":{"line":97,"column":null}},"18":{"start":{"line":105,"column":2},"end":{"line":109,"column":null}},"19":{"start":{"line":106,"column":18},"end":{"line":106,"column":null}},"20":{"start":{"line":107,"column":18},"end":{"line":107,"column":null}},"21":{"start":{"line":108,"column":4},"end":{"line":108,"column":null}},"22":{"start":{"line":116,"column":2},"end":{"line":120,"column":null}},"23":{"start":{"line":117,"column":20},"end":{"line":117,"column":null}},"24":{"start":{"line":118,"column":20},"end":{"line":118,"column":null}},"25":{"start":{"line":119,"column":4},"end":{"line":119,"column":null}},"26":{"start":{"line":127,"column":2},"end":{"line":130,"column":null}},"27":{"start":{"line":128,"column":18},"end":{"line":128,"column":null}},"28":{"start":{"line":129,"column":4},"end":{"line":129,"column":null}},"29":{"start":{"line":140,"column":2},"end":{"line":143,"column":null}},"30":{"start":{"line":142,"column":6},"end":{"line":142,"column":null}}},"fnMap":{"0":{"name":"getAvailablePeriods","decl":{"start":{"line":26,"column":16},"end":{"line":26,"column":36}},"loc":{"start":{"line":26,"column":66},"end":{"line":28,"column":null}},"line":26},"1":{"name":"getMaterialsForPeriod","decl":{"start":{"line":33,"column":16},"end":{"line":33,"column":38}},"loc":{"start":{"line":33,"column":66},"end":{"line":37,"column":null}},"line":33},"2":{"name":"(anonymous_2)","decl":{"start":{"line":34,"column":41},"end":{"line":34,"column":42}},"loc":{"start":{"line":35,"column":4},"end":{"line":35,"column":null}},"line":35},"3":{"name":"isMaterialAvailableInPeriod","decl":{"start":{"line":42,"column":16},"end":{"line":42,"column":null}},"loc":{"start":{"line":45,"column":11},"end":{"line":48,"column":null}},"line":45},"4":{"name":"(anonymous_4)","decl":{"start":{"line":46,"column":49},"end":{"line":46,"column":50}},"loc":{"start":{"line":46,"column":56},"end":{"line":46,"column":75}},"line":46},"5":{"name":"getMaterialPrice","decl":{"start":{"line":54,"column":16},"end":{"line":54,"column":null}},"loc":{"start":{"line":58,"column":10},"end":{"line":70,"column":null}},"line":58},"6":{"name":"getMaterialById","decl":{"start":{"line":75,"column":16},"end":{"line":75,"column":32}},"loc":{"start":{"line":75,"column":66},"end":{"line":77,"column":null}},"line":75},"7":{"name":"(anonymous_7)","decl":{"start":{"line":76,"column":39},"end":{"line":76,"column":40}},"loc":{"start":{"line":76,"column":53},"end":{"line":76,"column":71}},"line":76},"8":{"name":"getMaterialsByCategory","decl":{"start":{"line":82,"column":16},"end":{"line":82,"column":null}},"loc":{"start":{"line":84,"column":14},"end":{"line":88,"column":null}},"line":84},"9":{"name":"(anonymous_9)","decl":{"start":{"line":86,"column":4},"end":{"line":86,"column":5}},"loc":{"start":{"line":86,"column":18},"end":{"line":86,"column":null}},"line":86},"10":{"name":"getMaterialsByProperty","decl":{"start":{"line":93,"column":16},"end":{"line":93,"column":null}},"loc":{"start":{"line":95,"column":14},"end":{"line":99,"column":null}},"line":95},"11":{"name":"(anonymous_11)","decl":{"start":{"line":96,"column":41},"end":{"line":96,"column":42}},"loc":{"start":{"line":97,"column":4},"end":{"line":97,"column":null}},"line":97},"12":{"name":"getMaterialsSortedByCost","decl":{"start":{"line":104,"column":16},"end":{"line":104,"column":55}},"loc":{"start":{"line":104,"column":55},"end":{"line":110,"column":null}},"line":104},"13":{"name":"(anonymous_13)","decl":{"start":{"line":105,"column":39},"end":{"line":105,"column":40}},"loc":{"start":{"line":105,"column":49},"end":{"line":109,"column":3}},"line":105},"14":{"name":"getMaterialsSortedByRarity","decl":{"start":{"line":115,"column":16},"end":{"line":115,"column":57}},"loc":{"start":{"line":115,"column":57},"end":{"line":121,"column":null}},"line":115},"15":{"name":"(anonymous_15)","decl":{"start":{"line":116,"column":39},"end":{"line":116,"column":40}},"loc":{"start":{"line":116,"column":49},"end":{"line":120,"column":3}},"line":116},"16":{"name":"getMaterialsByMinSharpness","decl":{"start":{"line":126,"column":16},"end":{"line":126,"column":43}},"loc":{"start":{"line":126,"column":73},"end":{"line":131,"column":null}},"line":126},"17":{"name":"(anonymous_17)","decl":{"start":{"line":127,"column":41},"end":{"line":127,"column":42}},"loc":{"start":{"line":127,"column":55},"end":{"line":130,"column":3}},"line":127},"18":{"name":"getMaterialsByDensityRange","decl":{"start":{"line":136,"column":16},"end":{"line":136,"column":null}},"loc":{"start":{"line":139,"column":14},"end":{"line":144,"column":null}},"line":139},"19":{"name":"(anonymous_19)","decl":{"start":{"line":141,"column":4},"end":{"line":141,"column":5}},"loc":{"start":{"line":142,"column":6},"end":{"line":142,"column":null}},"line":142}},"branchMap":{"0":{"loc":{"start":{"line":47,"column":9},"end":{"line":47,"column":null}},"type":"cond-expr","locations":[{"start":{"line":47,"column":20},"end":{"line":47,"column":69}},{"start":{"line":47,"column":69},"end":{"line":47,"column":null}}],"line":47},"1":{"loc":{"start":{"line":57,"column":2},"end":{"line":57,"column":null}},"type":"default-arg","locations":[{"start":{"line":57,"column":13},"end":{"line":57,"column":null}}],"line":57},"2":{"loc":{"start":{"line":61,"column":2},"end":{"line":67,"column":null}},"type":"if","locations":[{"start":{"line":61,"column":2},"end":{"line":67,"column":null}},{"start":{},"end":{}}],"line":61},"3":{"loc":{"start":{"line":106,"column":18},"end":{"line":106,"column":null}},"type":"binary-expr","locations":[{"start":{"line":106,"column":18},"end":{"line":106,"column":28}},{"start":{"line":106,"column":28},"end":{"line":106,"column":null}}],"line":106},"4":{"loc":{"start":{"line":107,"column":18},"end":{"line":107,"column":null}},"type":"binary-expr","locations":[{"start":{"line":107,"column":18},"end":{"line":107,"column":28}},{"start":{"line":107,"column":28},"end":{"line":107,"column":null}}],"line":107},"5":{"loc":{"start":{"line":117,"column":20},"end":{"line":117,"column":null}},"type":"binary-expr","locations":[{"start":{"line":117,"column":20},"end":{"line":117,"column":32}},{"start":{"line":117,"column":32},"end":{"line":117,"column":null}}],"line":117},"6":{"loc":{"start":{"line":118,"column":20},"end":{"line":118,"column":null}},"type":"binary-expr","locations":[{"start":{"line":118,"column":20},"end":{"line":118,"column":32}},{"start":{"line":118,"column":32},"end":{"line":118,"column":null}}],"line":118},"7":{"loc":{"start":{"line":128,"column":18},"end":{"line":128,"column":null}},"type":"binary-expr","locations":[{"start":{"line":128,"column":18},"end":{"line":128,"column":54}},{"start":{"line":128,"column":54},"end":{"line":128,"column":null}}],"line":128},"8":{"loc":{"start":{"line":142,"column":6},"end":{"line":142,"column":null}},"type":"binary-expr","locations":[{"start":{"line":142,"column":6},"end":{"line":142,"column":40}},{"start":{"line":142,"column":40},"end":{"line":142,"column":null}}],"line":142}},"s":{"0":1,"1":108,"2":3,"3":99,"4":5,"5":48,"6":5,"7":5,"8":5,"9":2,"10":2,"11":3,"12":4,"13":75,"14":4,"15":132,"16":3,"17":99,"18":2,"19":250,"20":250,"21":250,"22":2,"23":250,"24":250,"25":250,"26":5,"27":165,"28":165,"29":5,"30":165},"f":{"0":108,"1":3,"2":99,"3":5,"4":48,"5":5,"6":4,"7":75,"8":4,"9":132,"10":3,"11":99,"12":2,"13":250,"14":2,"15":250,"16":5,"17":165,"18":5,"19":165},"b":{"0":[4,1],"1":[5],"2":[2,3],"3":[250,0],"4":[250,0],"5":[250,0],"6":[250,0],"7":[165,15],"8":[165,95]},"meta":{"lastBranch":9,"lastFunction":20,"lastStatement":31,"seen":{"s:7:34:18:Infinity":0,"f:26:16:26:36":0,"s:27:2:27:Infinity":1,"f:33:16:33:38":1,"s:34:2:36:Infinity":2,"f:34:41:34:42":2,"s:35:4:35:Infinity":3,"f:42:16:42:Infinity":3,"s:46:19:46:Infinity":4,"f:46:49:46:50":4,"s:46:56:46:75":5,"s:47:2:47:Infinity":6,"b:47:20:47:69:47:69:47:Infinity":0,"f:54:16:54:Infinity":5,"b:57:13:57:Infinity":1,"s:59:21:59:Infinity":7,"b:61:2:67:Infinity:undefined:undefined:undefined:undefined":2,"s:61:2:67:Infinity":8,"s:62:29:62:Infinity":9,"s:63:4:66:Infinity":10,"s:69:2:69:Infinity":11,"f:75:16:75:32":6,"s:76:2:76:Infinity":12,"f:76:39:76:40":7,"s:76:53:76:71":13,"f:82:16:82:Infinity":8,"s:85:2:87:Infinity":14,"f:86:4:86:5":9,"s:86:18:86:Infinity":15,"f:93:16:93:Infinity":10,"s:96:2:98:Infinity":16,"f:96:41:96:42":11,"s:97:4:97:Infinity":17,"f:104:16:104:55":12,"s:105:2:109:Infinity":18,"f:105:39:105:40":13,"s:106:18:106:Infinity":19,"b:106:18:106:28:106:28:106:Infinity":3,"s:107:18:107:Infinity":20,"b:107:18:107:28:107:28:107:Infinity":4,"s:108:4:108:Infinity":21,"f:115:16:115:57":14,"s:116:2:120:Infinity":22,"f:116:39:116:40":15,"s:117:20:117:Infinity":23,"b:117:20:117:32:117:32:117:Infinity":5,"s:118:20:118:Infinity":24,"b:118:20:118:32:118:32:118:Infinity":6,"s:119:4:119:Infinity":25,"f:126:16:126:43":16,"s:127:2:130:Infinity":26,"f:127:41:127:42":17,"s:128:18:128:Infinity":27,"b:128:18:128:54:128:54:128:Infinity":7,"s:129:4:129:Infinity":28,"f:136:16:136:Infinity":18,"s:140:2:143:Infinity":29,"f:141:4:141:5":19,"s:142:6:142:Infinity":30,"b:142:6:142:40:142:40:142:Infinity":8}}}
,"/Users/tomo/Dev/jdr-coffee/packages/static-data/src/lib/universes/dnd.ts": {"path":"/Users/tomo/Dev/jdr-coffee/packages/static-data/src/lib/universes/dnd.ts","statementMap":{"0":{"start":{"line":7,"column":29},"end":{"line":34,"column":null}},"1":{"start":{"line":40,"column":30},"end":{"line":62,"column":null}}},"fnMap":{},"branchMap":{},"s":{"0":1,"1":1},"f":{},"b":{},"meta":{"lastBranch":0,"lastFunction":0,"lastStatement":2,"seen":{"s:7:29:34:Infinity":0,"s:40:30:62:Infinity":1}}}
}
